<?xml version="1.0" encoding="UTF-8"?>
<!-- Generated by org.testng.reporters.JUnitReportReporter -->
<testsuite hostname="DESKTOP-QGMO3TS" failures="0" tests="3" name="testCases.LoginTest" time="60.849" errors="0" timestamp="2024-09-06T18:41:05 IST" skipped="0">
  <testcase classname="testCases.LoginTest" name="verify_correctlogin" time="18.453"/>
  <testcase classname="testCases.LoginTest" name="verify_correctlogin" time="21.261"/>
  <testcase classname="testCases.LoginTest" name="verify_correctlogin" time="21.135"/>
</testsuite> <!-- testCases.LoginTest -->
